This is pdfTeX, Version 3.141592653-2.6-1.40.26 (TeX Live 2024) (preloaded format=pdflatex 2025.2.3)  13 MAY 2025 11:23
entering extended mode
 restricted \write18 enabled.
 file:line:error style messages enabled.
 %&-line parsing enabled.
**/home/a.shankar/Documents/Work/ContinuousRL/Reports/250513/main.tex
(/home/a.shankar/Documents/Work/ContinuousRL/Reports/250513/main.tex
LaTeX2e <2024-11-01> patch level 2
L3 programming layer <2025-01-18>
(/usr/local/texlive/2024/texmf-dist/tex/latex/base/article.cls
Document Class: article 2024/06/29 v1.4n Standard LaTeX document class
(/usr/local/texlive/2024/texmf-dist/tex/latex/base/size10.clo
File: size10.clo 2024/06/29 v1.4n Standard LaTeX file (size option)
)
\c@part=\count196
\c@section=\count197
\c@subsection=\count198
\c@subsubsection=\count199
\c@paragraph=\count266
\c@subparagraph=\count267
\c@figure=\count268
\c@table=\count269
\abovecaptionskip=\skip49
\belowcaptionskip=\skip50
\bibindent=\dimen141
) (/usr/local/texlive/2024/texmf-dist/tex/latex/graphics/graphicx.sty
Package: graphicx 2021/09/16 v1.2d Enhanced LaTeX Graphics (DPC,SPQR)
 (/usr/local/texlive/2024/texmf-dist/tex/latex/graphics/keyval.sty
Package: keyval 2022/05/29 v1.15 key=value parser (DPC)
\KV@toks@=\toks17
) (/usr/local/texlive/2024/texmf-dist/tex/latex/graphics/graphics.sty
Package: graphics 2024/08/06 v1.4g Standard LaTeX Graphics (DPC,SPQR)
 (/usr/local/texlive/2024/texmf-dist/tex/latex/graphics/trig.sty
Package: trig 2023/12/02 v1.11 sin cos tan (DPC)
) (/usr/local/texlive/2024/texmf-dist/tex/latex/graphics-cfg/graphics.cfg
File: graphics.cfg 2016/06/04 v1.11 sample graphics configuration
)
Package graphics Info: Driver file: pdftex.def on input line 106.
 (/usr/local/texlive/2024/texmf-dist/tex/latex/graphics-def/pdftex.def
File: pdftex.def 2024/04/13 v1.2c Graphics/color driver for pdftex
))
\Gin@req@height=\dimen142
\Gin@req@width=\dimen143
) (/usr/local/texlive/2024/texmf-dist/tex/latex/l3backend/l3backend-pdftex.def
File: l3backend-pdftex.def 2024-05-08 L3 backend support: PDF output (pdfTeX)
\l__color_backend_stack_int=\count270
\l__pdf_internal_box=\box52
) (./main.aux)
\openout1 = `main.aux'.

LaTeX Font Info:    Checking defaults for OML/cmm/m/it on input line 8.
LaTeX Font Info:    ... okay on input line 8.
LaTeX Font Info:    Checking defaults for OMS/cmsy/m/n on input line 8.
LaTeX Font Info:    ... okay on input line 8.
LaTeX Font Info:    Checking defaults for OT1/cmr/m/n on input line 8.
LaTeX Font Info:    ... okay on input line 8.
LaTeX Font Info:    Checking defaults for T1/cmr/m/n on input line 8.
LaTeX Font Info:    ... okay on input line 8.
LaTeX Font Info:    Checking defaults for TS1/cmr/m/n on input line 8.
LaTeX Font Info:    ... okay on input line 8.
LaTeX Font Info:    Checking defaults for OMX/cmex/m/n on input line 8.
LaTeX Font Info:    ... okay on input line 8.
LaTeX Font Info:    Checking defaults for U/cmr/m/n on input line 8.
LaTeX Font Info:    ... okay on input line 8.
 (/usr/local/texlive/2024/texmf-dist/tex/context/base/mkii/supp-pdf.mkii
[Loading MPS to PDF converter (version 2006.09.02).]
\scratchcounter=\count271
\scratchdimen=\dimen144
\scratchbox=\box53
\nofMPsegments=\count272
\nofMParguments=\count273
\everyMPshowfont=\toks18
\MPscratchCnt=\count274
\MPscratchDim=\dimen145
\MPnumerator=\count275
\makeMPintoPDFobject=\count276
\everyMPtoPDFconversion=\toks19
) (/usr/local/texlive/2024/texmf-dist/tex/latex/epstopdf-pkg/epstopdf-base.sty
Package: epstopdf-base 2020-01-24 v2.11 Base part for package epstopdf
Package epstopdf-base Info: Redefining graphics rule for `.eps' on input line 485.
 (/usr/local/texlive/2024/texmf-dist/tex/latex/latexconfig/epstopdf-sys.cfg
File: epstopdf-sys.cfg 2010/07/13 v1.3 Configuration of (r)epstopdf for TeX Live
))
LaTeX Font Info:    External font `cmex10' loaded for size
(Font)              <12> on input line 10.
LaTeX Font Info:    External font `cmex10' loaded for size
(Font)              <8> on input line 10.
LaTeX Font Info:    External font `cmex10' loaded for size
(Font)              <6> on input line 10.

Underfull \hbox (badness 10000) in paragraph at lines 13--14

 []

LaTeX Font Info:    External font `cmex10' loaded for size
(Font)              <7> on input line 16.
LaTeX Font Info:    External font `cmex10' loaded for size
(Font)              <5> on input line 16.
</home/a.shankar/Downloads/To send/250513/body_1.png, id=1, 1101.3948pt x 630.1944pt>
File: /home/a.shankar/Downloads/To send/250513/body_1.png Graphic file (type png)
<use /home/a.shankar/Downloads/To send/250513/body_1.png>
Package pdftex.def Info: /home/a.shankar/Downloads/To send/250513/body_1.png  used on input line 27.
(pdftex.def)             Requested size: 276.00105pt x 157.92323pt.

LaTeX Warning: `!h' float specifier changed to `!ht'.

</home/a.shankar/Downloads/To send/250513/body_2.png, id=3, 1101.3948pt x 630.1944pt>
File: /home/a.shankar/Downloads/To send/250513/body_2.png Graphic file (type png)
<use /home/a.shankar/Downloads/To send/250513/body_2.png>
Package pdftex.def Info: /home/a.shankar/Downloads/To send/250513/body_2.png  used on input line 32.
(pdftex.def)             Requested size: 276.00105pt x 157.92323pt.

LaTeX Warning: `!h' float specifier changed to `!ht'.

</home/a.shankar/Downloads/To send/250513/body_3.png, id=4, 1101.3948pt x 630.1944pt>
File: /home/a.shankar/Downloads/To send/250513/body_3.png Graphic file (type png)
<use /home/a.shankar/Downloads/To send/250513/body_3.png>
Package pdftex.def Info: /home/a.shankar/Downloads/To send/250513/body_3.png  used on input line 37.
(pdftex.def)             Requested size: 276.00105pt x 157.92323pt.

LaTeX Warning: `!h' float specifier changed to `!ht'.



[1

{/usr/local/texlive/2024/texmf-var/fonts/map/pdftex/updmap/pdftex.map}{/usr/local/texlive/2024/texmf-dist/fonts/enc/dvips/cm-super/cm-super-ts1.enc}]

[2 </home/a.shankar/Downloads/To send/250513/body_1.png> </home/a.shankar/Downloads/To send/250513/body_2.png>]

[3 </home/a.shankar/Downloads/To send/250513/body_3.png>]
</home/a.shankar/Downloads/To send/250513/tracer_1.png, id=28, 1116.5715pt x 630.1944pt>
File: /home/a.shankar/Downloads/To send/250513/tracer_1.png Graphic file (type png)
<use /home/a.shankar/Downloads/To send/250513/tracer_1.png>
Package pdftex.def Info: /home/a.shankar/Downloads/To send/250513/tracer_1.png  used on input line 44.
(pdftex.def)             Requested size: 276.00105pt x 155.76926pt.
</home/a.shankar/Downloads/To send/250513/tracer_2.png, id=29, 1101.3948pt x 630.1944pt>
File: /home/a.shankar/Downloads/To send/250513/tracer_2.png Graphic file (type png)
<use /home/a.shankar/Downloads/To send/250513/tracer_2.png>
Package pdftex.def Info: /home/a.shankar/Downloads/To send/250513/tracer_2.png  used on input line 49.
(pdftex.def)             Requested size: 276.00105pt x 157.92323pt.
</home/a.shankar/Downloads/To send/250513/tracer_3.png, id=30, 1111.5126pt x 630.1944pt>
File: /home/a.shankar/Downloads/To send/250513/tracer_3.png Graphic file (type png)
<use /home/a.shankar/Downloads/To send/250513/tracer_3.png>
Package pdftex.def Info: /home/a.shankar/Downloads/To send/250513/tracer_3.png  used on input line 54.
(pdftex.def)             Requested size: 276.00105pt x 156.48083pt.


LaTeX Warning: `!h' float specifier changed to `!ht'.

</home/a.shankar/Downloads/To send/250513/tracer_4.png, id=31, 1101.3948pt x 630.1944pt>
File: /home/a.shankar/Downloads/To send/250513/tracer_4.png Graphic file (type png)
<use /home/a.shankar/Downloads/To send/250513/tracer_4.png>
Package pdftex.def Info: /home/a.shankar/Downloads/To send/250513/tracer_4.png  used on input line 59.
(pdftex.def)             Requested size: 276.00105pt x 157.92323pt.

LaTeX Warning: `!h' float specifier changed to `!ht'.



[4

 </home/a.shankar/Downloads/To send/250513/tracer_1.png> </home/a.shankar/Downloads/To send/250513/tracer_2.png>]

[5 </home/a.shankar/Downloads/To send/250513/tracer_3.png> </home/a.shankar/Downloads/To send/250513/tracer_4.png>]
Underfull \hbox (badness 10000) in paragraph at lines 69--70

 []

</home/a.shankar/Downloads/To send/250513/rocket_captured.png, id=42, 422.7795pt x 322.3242pt>
File: /home/a.shankar/Downloads/To send/250513/rocket_captured.png Graphic file (type png)
<use /home/a.shankar/Downloads/To send/250513/rocket_captured.png>
Package pdftex.def Info: /home/a.shankar/Downloads/To send/250513/rocket_captured.png  used on input line 85.
(pdftex.def)             Requested size: 276.00105pt x 210.43288pt.

LaTeX Warning: `!h' float specifier changed to `!ht'.

</home/a.shankar/Downloads/To send/250513/destination_reached.png, id=43, 422.7795pt x 322.3242pt>
File: /home/a.shankar/Downloads/To send/250513/destination_reached.png Graphic file (type png)
<use /home/a.shankar/Downloads/To send/250513/destination_reached.png>
Package pdftex.def Info: /home/a.shankar/Downloads/To send/250513/destination_reached.png  used on input line 90.
(pdftex.def)             Requested size: 276.00105pt x 210.43288pt.

LaTeX Warning: `!h' float specifier changed to `!ht'.



[6

]

[7 </home/a.shankar/Downloads/To send/250513/rocket_captured.png> </home/a.shankar/Downloads/To send/250513/destination_reached.png>] (./main.aux)
 ***********
LaTeX2e <2024-11-01> patch level 2
L3 programming layer <2025-01-18>
 ***********
 ) 
Here is how much of TeX's memory you used:
 1374 strings out of 473201
 25460 string characters out of 5716127
 413505 words of memory out of 5000000
 24659 multiletter control sequences out of 15000+600000
 563427 words of font info for 51 fonts, out of 8000000 for 9000
 1141 hyphenation exceptions out of 8191
 57i,6n,65p,255b,230s stack positions out of 10000i,1000n,20000p,200000b,200000s
</usr/local/texlive/2024/texmf-dist/fonts/type1/public/amsfonts/cm/cmbx10.pfb></usr/local/texlive/2024/texmf-dist/fonts/type1/public/amsfonts/cm/cmbx12.pfb></usr/local/texlive/2024/texmf-dist/fonts/type1/public/amsfonts/cm/cmmi10.pfb></usr/local/texlive/2024/texmf-dist/fonts/type1/public/amsfonts/cm/cmmi7.pfb></usr/local/texlive/2024/texmf-dist/fonts/type1/public/amsfonts/cm/cmr10.pfb></usr/local/texlive/2024/texmf-dist/fonts/type1/public/amsfonts/cm/cmr12.pfb></usr/local/texlive/2024/texmf-dist/fonts/type1/public/amsfonts/cm/cmr17.pfb></usr/local/texlive/2024/texmf-dist/fonts/type1/public/amsfonts/cm/cmsy10.pfb></usr/local/texlive/2024/texmf-dist/fonts/type1/public/cm-super/sfrm1000.pfb>
Output written on main.pdf (7 pages, 1302835 bytes).
PDF statistics:
 93 PDF objects out of 1000 (max. 8388607)
 47 compressed objects within 1 object stream
 0 named destinations out of 1000 (max. 500000)
 46 words of extra memory for PDF output out of 10000 (max. 10000000)

